# JRE version: Java(TM) SE Runtime Environment (8.0_20-b26) (build 1.8.0_20-b26)
# Java VM: Java HotSpot(TM) 64-Bit Server VM (25.20-b23 mixed mode windows-amd64 compressed oops)
Heap:
 PSYoungGen      total 305664K, used 2708K [0x00000000eab00000, 0x0000000100000000, 0x0000000100000000)
  eden space 262144K, 0% used [0x00000000eab00000,0x00000000eab00000,0x00000000fab00000)
  from space 43520K, 6% used [0x00000000fd580000,0x00000000fd8251e0,0x0000000100000000)
  to   space 43520K, 0% used [0x00000000fab00000,0x00000000fab00000,0x00000000fd580000)
 ParOldGen       total 699392K, used 31793K [0x00000000c0000000, 0x00000000eab00000, 0x00000000eab00000)
  object space 699392K, 4% used [0x00000000c0000000,0x00000000c1f0c5a0,0x00000000eab00000)
 Metaspace       used 22534K, capacity 23010K, committed 23088K, reserved 1073152K
  class space    used 2683K, capacity 2824K, committed 2864K, reserved 1048576K
GC Heap History (4 events):
Event: 74.769 GC heap before
{Heap before GC invocations=1 (full 0):
 PSYoungGen      total 305664K, used 252183K [0x00000000eab00000, 0x0000000100000000, 0x0000000100000000)
  eden space 262144K, 96% used [0x00000000eab00000,0x00000000fa145e30,0x00000000fab00000)
  from space 43520K, 0% used [0x00000000fd580000,0x00000000fd580000,0x0000000100000000)
  to   space 43520K, 0% used [0x00000000fab00000,0x00000000fab00000,0x00000000fd580000)
 ParOldGen       total 699392K, used 0K [0x00000000c0000000, 0x00000000eab00000, 0x00000000eab00000)
  object space 699392K, 0% used [0x00000000c0000000,0x00000000c0000000,0x00000000eab00000)
 Metaspace       used 20781K, capacity 21182K, committed 21296K, reserved 1069056K
  class space    used 2433K, capacity 2581K, committed 2608K, reserved 1048576K
Event: 75.317 GC heap after
Heap after GC invocations=1 (full 0):
 PSYoungGen      total 305664K, used 32399K [0x00000000eab00000, 0x0000000100000000, 0x0000000100000000)
  eden space 262144K, 0% used [0x00000000eab00000,0x00000000eab00000,0x00000000fab00000)
  from space 43520K, 74% used [0x00000000fab00000,0x00000000fcaa3c40,0x00000000fd580000)
  to   space 43520K, 0% used [0x00000000fd580000,0x00000000fd580000,0x0000000100000000)
 ParOldGen       total 699392K, used 8K [0x00000000c0000000, 0x00000000eab00000, 0x00000000eab00000)
  object space 699392K, 0% used [0x00000000c0000000,0x00000000c0002000,0x00000000eab00000)
 Metaspace       used 20781K, capacity 21182K, committed 21296K, reserved 1069056K
  class space    used 2433K, capacity 2581K, committed 2608K, reserved 1048576K
}
Event: 75.317 GC heap before
{Heap before GC invocations=2 (full 1):
 PSYoungGen      total 305664K, used 32399K [0x00000000eab00000, 0x0000000100000000, 0x0000000100000000)
  eden space 262144K, 0% used [0x00000000eab00000,0x00000000eab00000,0x00000000fab00000)
  from space 43520K, 74% used [0x00000000fab00000,0x00000000fcaa3c40,0x00000000fd580000)
  to   space 43520K, 0% used [0x00000000fd580000,0x00000000fd580000,0x0000000100000000)
 ParOldGen       total 699392K, used 8K [0x00000000c0000000, 0x00000000eab00000, 0x00000000eab00000)
  object space 699392K, 0% used [0x00000000c0000000,0x00000000c0002000,0x00000000eab00000)
 Metaspace       used 20781K, capacity 21182K, committed 21296K, reserved 1069056K
  class space    used 2433K, capacity 2581K, committed 2608K, reserved 1048576K
Event: 76.279 GC heap after
Heap after GC invocations=2 (full 1):
 PSYoungGen      total 305664K, used 0K [0x00000000eab00000, 0x0000000100000000, 0x0000000100000000)
  eden space 262144K, 0% used [0x00000000eab00000,0x00000000eab00000,0x00000000fab00000)
  from space 43520K, 0% used [0x00000000fab00000,0x00000000fab00000,0x00000000fd580000)
  to   space 43520K, 0% used [0x00000000fd580000,0x00000000fd580000,0x0000000100000000)
 ParOldGen       total 699392K, used 31793K [0x00000000c0000000, 0x00000000eab00000, 0x00000000eab00000)
  object space 699392K, 4% used [0x00000000c0000000,0x00000000c1f0c5a0,0x00000000eab00000)
 Metaspace       used 20781K, capacity 21182K, committed 21296K, reserved 1069056K
  class space    used 2433K, capacity 2581K, committed 2608K, reserved 1048576K
}

